[06:06:24] [main/INFO] (FabricLoader/GameProvider) Loading Minecraft 1.20.1 with Fabric Loader 0.15.0
[06:06:24] [main/WARN] (FabricLoader/Resolution) Warnings were found!
 - Mod 'Provi's Health Bars' (provihealth) 1.1.0+1.20.1 recommends any version of modmenu, which is missing!
	 - You should install any version of modmenu for the optimal experience.
 - Mod 'Provi's Health Bars' (provihealth) 1.1.0+1.20.1 recommends any version of cloth-config, which is missing!
	 - You should install any version of cloth-config for the optimal experience.
[06:06:24] [main/INFO] (FabricLoader) Loading 60 mods:
	- fabric-api 0.91.0+1.20.1
	- fabric-api-base 0.4.30+7abfd51577
	- fabric-api-lookup-api-v1 1.6.35+4d8536c977
	- fabric-biome-api-v1 13.0.12+215bbe9677
	- fabric-block-api-v1 1.0.10+92a0d36777
	- fabric-block-view-api-v2 1.0.0+92a0d36777
	- fabric-blockrenderlayer-v1 1.1.40+b3afc78b77
	- fabric-client-tags-api-v1 1.1.1+97bb207577
	- fabric-command-api-v1 1.2.33+f71b366f77
	- fabric-command-api-v2 2.2.12+b3afc78b77
	- fabric-commands-v0 0.2.50+df3654b377
	- fabric-containers-v0 0.1.63+df3654b377
	- fabric-content-registries-v0 4.0.10+57aed33f77
	- fabric-convention-tags-v1 1.5.4+a1a980da77
	- fabric-crash-report-info-v1 0.2.18+aeb40ebe77
	- fabric-data-generation-api-v1 12.3.3+d7b148e077
	- fabric-dimensions-v1 2.1.53+8536527b77
	- fabric-entity-events-v1 1.5.22+b3afc78b77
	- fabric-events-interaction-v0 0.6.1+e91849a877
	- fabric-events-lifecycle-v0 0.2.62+df3654b377
	- fabric-game-rule-api-v1 1.0.39+ae9f657a77
	- fabric-gametest-api-v1 1.2.12+b3afc78b77
	- fabric-item-api-v1 2.1.27+b3afc78b77
	- fabric-item-group-api-v1 4.0.11+d7b148e077
	- fabric-key-binding-api-v1 1.0.36+fb8d95da77
	- fabric-keybindings-v0 0.2.34+df3654b377
	- fabric-lifecycle-events-v1 2.2.21+b3afc78b77
	- fabric-loot-api-v2 1.2.0+96dfa95977
	- fabric-loot-tables-v1 1.1.44+9e7660c677
	- fabric-message-api-v1 5.1.8+d7b148e077
	- fabric-mining-level-api-v1 2.1.49+b3afc78b77
	- fabric-model-loading-api-v1 1.0.2+709a987177
	- fabric-models-v0 0.4.1+9386d8a777
	- fabric-networking-api-v1 1.3.10+eeb8eb3677
	- fabric-networking-v0 0.3.50+df3654b377
	- fabric-object-builder-api-v1 11.1.2+4ee0bc6077
	- fabric-particles-v1 1.1.1+201a23a077
	- fabric-recipe-api-v1 1.0.20+b3afc78b77
	- fabric-registry-sync-v0 2.3.2+4df89eb277
	- fabric-renderer-api-v1 3.2.0+39a511ba77
	- fabric-renderer-indigo 1.5.0+39a511ba77
	- fabric-renderer-registries-v1 3.2.45+df3654b377
	- fabric-rendering-data-attachment-v1 0.3.36+92a0d36777
	- fabric-rendering-fluids-v1 3.0.27+b3afc78b77
	- fabric-rendering-v0 1.1.48+df3654b377
	- fabric-rendering-v1 3.0.7+b3afc78b77
	- fabric-resource-conditions-api-v1 2.3.7+29de845d77
	- fabric-resource-loader-v0 0.11.9+132c48c177
	- fabric-screen-api-v1 2.0.7+b3afc78b77
	- fabric-screen-handler-api-v1 1.3.29+b3afc78b77
	- fabric-sound-api-v1 1.0.12+b3afc78b77
	- fabric-transfer-api-v1 3.3.3+c81d263177
	- fabric-transitive-access-wideners-v1 4.3.0+6c31357e77
	- fabricloader 0.15.0
	   \-- mixinextras 0.3.0
	- java 17
	- lypheamod 1.0-SNAPSHOT
	- minecraft 1.20.1
	- provihealth 1.1.0+1.20.1
	   \-- lilylib 1.0.0+1.20
[06:06:27] [main/INFO] (FabricLoader/Mixin) SpongePowered MIXIN Subsystem Version=0.8.5 Source=file:/C:/Users/ComTech/.gradle/caches/modules-2/files-2.1/net.fabricmc/sponge-mixin/0.12.5+mixin.0.8.5/8d31fb97c3e0cd7c8dad3441851c523bcfae6d8e/sponge-mixin-0.12.5+mixin.0.8.5.jar Service=Knot/Fabric Env=CLIENT
[06:06:27] [main/INFO] (FabricLoader/Mixin) Loaded Fabric development mappings for mixin remapper!
[06:06:27] [main/INFO] (FabricLoader/Mixin) Compatibility level set to JAVA_16
[06:06:27] [main/INFO] (FabricLoader/Mixin) Compatibility level set to JAVA_17
[06:06:28] [main/INFO] (FabricLoader/MixinExtras|Service) Initializing MixinExtras via com.llamalad7.mixinextras.service.MixinExtrasServiceImpl(version=0.3.0).
[06:06:32] [Datafixer Bootstrap/INFO] (Minecraft) 188 Datafixer optimizations took 134 milliseconds
[06:06:34] [Render thread/INFO] (Minecraft) Environment: authHost='https://authserver.mojang.com', accountsHost='https://api.mojang.com', sessionHost='https://sessionserver.mojang.com', servicesHost='https://api.minecraftservices.com', name='PROD'
[06:06:34] [Render thread/ERROR] (Minecraft) Failed to verify authentication
com.mojang.authlib.exceptions.InvalidCredentialsException: Status: 401
	at com.mojang.authlib.exceptions.MinecraftClientHttpException.toAuthenticationException(MinecraftClientHttpException.java:56) ~[authlib-4.0.43.jar:?]
	at com.mojang.authlib.yggdrasil.YggdrasilUserApiService.fetchProperties(YggdrasilUserApiService.java:156) ~[authlib-4.0.43.jar:?]
	at com.mojang.authlib.yggdrasil.YggdrasilUserApiService.<init>(YggdrasilUserApiService.java:55) ~[authlib-4.0.43.jar:?]
	at com.mojang.authlib.yggdrasil.YggdrasilAuthenticationService.createUserApiService(YggdrasilAuthenticationService.java:124) ~[authlib-4.0.43.jar:?]
	at net.minecraft.client.MinecraftClient.createUserApiService(MinecraftClient.java:733) ~[minecraft-merged-project-root-1.20.1-net.fabricmc.yarn.1_20_1.1.20.1+build.10-v2.jar:?]
	at net.minecraft.client.MinecraftClient.<init>(MinecraftClient.java:442) ~[minecraft-merged-project-root-1.20.1-net.fabricmc.yarn.1_20_1.1.20.1+build.10-v2.jar:?]
	at net.minecraft.client.main.Main.main(Main.java:211) ~[minecraft-merged-project-root-1.20.1-net.fabricmc.yarn.1_20_1.1.20.1+build.10-v2.jar:?]
	at net.fabricmc.loader.impl.game.minecraft.MinecraftGameProvider.launch(MinecraftGameProvider.java:470) ~[fabric-loader-0.15.0.jar:?]
	at net.fabricmc.loader.impl.launch.knot.Knot.launch(Knot.java:74) ~[fabric-loader-0.15.0.jar:?]
	at net.fabricmc.loader.impl.launch.knot.KnotClient.main(KnotClient.java:23) ~[fabric-loader-0.15.0.jar:?]
	at net.fabricmc.devlaunchinjector.Main.main(Main.java:86) ~[dev-launch-injector-0.2.1+build.8.jar:?]
Caused by: com.mojang.authlib.exceptions.MinecraftClientHttpException: Status: 401
	at com.mojang.authlib.minecraft.client.MinecraftClient.readInputStream(MinecraftClient.java:85) ~[authlib-4.0.43.jar:?]
	at com.mojang.authlib.minecraft.client.MinecraftClient.get(MinecraftClient.java:48) ~[authlib-4.0.43.jar:?]
	at com.mojang.authlib.yggdrasil.YggdrasilUserApiService.fetchProperties(YggdrasilUserApiService.java:129) ~[authlib-4.0.43.jar:?]
	... 9 more
[06:06:34] [Render thread/INFO] (Minecraft) Setting user: Player833
[06:06:35] [Render thread/INFO] (Indigo) [Indigo] Registering Indigo renderer!
[06:06:35] [Render thread/INFO] (Minecraft) Backend library: LWJGL version 3.3.1 SNAPSHOT
[06:06:36] [Render thread/INFO] (Minecraft) Reloading ResourceManager: fabric (fabric-loot-tables-v1, fabric-data-generation-api-v1, fabric-registry-sync-v0, fabric-message-api-v1, fabric-rendering-fluids-v1, fabric-transfer-api-v1, fabric-model-loading-api-v1, fabric-block-api-v1, fabric-gametest-api-v1, fabric-key-binding-api-v1, fabric-api, fabric-crash-report-info-v1, fabric-sound-api-v1, fabric-rendering-data-attachment-v1, fabric-game-rule-api-v1, fabric-recipe-api-v1, fabric-transitive-access-wideners-v1, fabric-commands-v0, fabric-containers-v0, fabric-models-v0, fabric-command-api-v2, fabric-screen-handler-api-v1, fabric-api-base, fabric-resource-conditions-api-v1, lypheamod, fabric-renderer-indigo, fabric-dimensions-v1, fabric-blockrenderlayer-v1, fabric-block-view-api-v2, fabric-lifecycle-events-v1, fabric-renderer-api-v1, fabric-client-tags-api-v1, fabric-command-api-v1, fabric-biome-api-v1, fabric-networking-v0, fabric-rendering-v0, fabric-screen-api-v1, fabric-object-builder-api-v1, fabric-content-registries-v0, fabric-resource-loader-v0, fabric-loot-api-v2, fabric-events-lifecycle-v0, fabric-renderer-registries-v1, fabric-convention-tags-v1, fabric-particles-v1, fabric-entity-events-v1, fabric-api-lookup-api-v1, fabric-mining-level-api-v1, lilylib, fabric-keybindings-v0, fabric-networking-api-v1, fabricloader, fabric-rendering-v1, provihealth, fabric-events-interaction-v0, fabric-item-api-v1, fabric-item-group-api-v1), vanilla
[06:06:36] [Worker-Main-9/INFO] (Minecraft) Found unifont_all_no_pua-15.0.06.hex, loading
[06:06:36] [Worker-Main-8/WARN] (Minecraft) File tutorialmod:sounds/metal_detector_found_ore.ogg does not exist, cannot add it to event lypheamod:metal_detector_found_ore
[06:06:36] [Worker-Main-8/WARN] (Minecraft) File tutorialmod:sounds/sound_block_break.ogg does not exist, cannot add it to event lypheamod:sound_block_break
[06:06:36] [Worker-Main-8/WARN] (Minecraft) File tutorialmod:sounds/sound_block_step.ogg does not exist, cannot add it to event lypheamod:sound_block_step
[06:06:36] [Worker-Main-8/WARN] (Minecraft) File tutorialmod:sounds/sound_block_place.ogg does not exist, cannot add it to event lypheamod:sound_block_place
[06:06:36] [Worker-Main-8/WARN] (Minecraft) File tutorialmod:sounds/sound_block_hit.ogg does not exist, cannot add it to event lypheamod:sound_block_hit
[06:06:36] [Worker-Main-8/WARN] (Minecraft) File tutorialmod:sounds/sound_block_fall.ogg does not exist, cannot add it to event lypheamod:sound_block_fall
[06:06:36] [Worker-Main-8/WARN] (Minecraft) File tutorialmod:sounds/bar_brawl.ogg does not exist, cannot add it to event lypheamod:bar_brawl
[06:06:37] [Realms Notification Availability checker #1/INFO] (Minecraft) Could not authorize you against Realms server: Invalid session id
[06:06:37] [Render thread/WARN] (Minecraft) Missing sound for event: minecraft:item.goat_horn.play
[06:06:37] [Render thread/WARN] (Minecraft) Missing sound for event: minecraft:entity.goat.screaming.horn_break
[06:06:37] [Render thread/INFO] (Minecraft) OpenAL initialized on device OpenAL Soft on Virtual Speakers (Virtual Speakers for AudioRelay)
[06:06:37] [Render thread/INFO] (Minecraft) Sound engine started
[06:06:37] [Render thread/INFO] (Minecraft) Created: 1024x1024x4 minecraft:textures/atlas/blocks.png-atlas
[06:06:37] [Render thread/INFO] (Minecraft) Created: 256x256x4 minecraft:textures/atlas/signs.png-atlas
[06:06:37] [Render thread/INFO] (Minecraft) Created: 512x512x4 minecraft:textures/atlas/banner_patterns.png-atlas
[06:06:37] [Render thread/INFO] (Minecraft) Created: 512x512x4 minecraft:textures/atlas/shield_patterns.png-atlas
[06:06:37] [Render thread/INFO] (Minecraft) Created: 1024x1024x4 minecraft:textures/atlas/armor_trims.png-atlas
[06:06:37] [Render thread/INFO] (Minecraft) Created: 256x256x4 minecraft:textures/atlas/chest.png-atlas
[06:06:37] [Render thread/INFO] (Minecraft) Created: 128x64x4 minecraft:textures/atlas/decorated_pot.png-atlas
[06:06:37] [Render thread/INFO] (Minecraft) Created: 512x256x4 minecraft:textures/atlas/beds.png-atlas
[06:06:37] [Render thread/INFO] (Minecraft) Created: 512x256x4 minecraft:textures/atlas/shulker_boxes.png-atlas
[06:06:38] [Render thread/WARN] (Minecraft) Shader rendertype_entity_translucent_emissive could not find sampler named Sampler2 in the specified shader program.
[06:06:38] [Render thread/INFO] (Minecraft) Created: 256x256x0 minecraft:textures/atlas/particles.png-atlas
[06:06:38] [Render thread/INFO] (Minecraft) Created: 256x256x0 minecraft:textures/atlas/paintings.png-atlas
[06:06:38] [Render thread/INFO] (Minecraft) Created: 256x128x0 minecraft:textures/atlas/mob_effects.png-atlas
[06:06:43] [Render thread/INFO] (Minecraft) Loaded 7 recipes
[06:06:43] [Render thread/INFO] (Minecraft) Loaded 1271 advancements
[06:06:43] [Render thread/INFO] (BiomeModificationImpl) Applied 0 biome modifications to 0 of 64 new biomes in 1.877 ms
[06:06:43] [Server thread/INFO] (Minecraft) Starting integrated minecraft server version 1.20.1
[06:06:43] [Server thread/INFO] (Minecraft) Generating keypair
[06:06:44] [Server thread/INFO] (Minecraft) Preparing start region for dimension minecraft:overworld
[06:06:45] [Render thread/INFO] (Minecraft) Preparing spawn area: 0%
[06:06:45] [Render thread/INFO] (Minecraft) Preparing spawn area: 0%
[06:06:45] [Render thread/INFO] (Minecraft) Preparing spawn area: 0%
[06:06:45] [Render thread/INFO] (Minecraft) Preparing spawn area: 52%
[06:06:45] [Render thread/INFO] (Minecraft) Time elapsed: 1625 ms
[06:06:45] [Server thread/INFO] (Minecraft) Changing simulation distance to 12, from 0
[06:06:46] [Server thread/INFO] (Minecraft) Player833[local:E:7d314867] logged in with entity id 2 at (18.03642458810895, -56.75658678391818, 48.65006060762363)
[06:06:46] [Server thread/INFO] (Minecraft) Player833 joined the game
[06:06:47] [Render thread/INFO] (Minecraft) Loaded 2 advancements
[06:06:48] [Render thread/INFO] (Minecraft) [System] [CHAT] message.lypheamod.drank_water
[06:06:48] [Render thread/INFO] (Minecraft) [System] [CHAT] message.lypheamod.drank_water
[06:06:49] [Render thread/INFO] (Minecraft) [System] [CHAT] message.lypheamod.drank_water
[06:06:49] [Netty Server IO #1/INFO] (Minecraft) [System] [CHAT] X:18.03642458810895, Y:-56.75658678391818, Z:48.65006060762363, Yaw:-177.88755798339844, Pitch:11.400115966796875
[06:06:49] [Render thread/INFO] (Minecraft) [System] [CHAT] message.lypheamod.drank_water
[06:06:49] [Render thread/INFO] (Minecraft) [System] [CHAT] manaDrain
[06:06:49] [Render thread/INFO] (Minecraft) [System] [CHAT] false
[06:06:49] [Render thread/INFO] (Minecraft) [System] [CHAT] 6.0
[06:06:49] [Server thread/INFO] (Minecraft) [System] [CHAT] -3.1031497
[06:06:49] [Server thread/INFO] (Minecraft) [System] [CHAT] -3.364949
[06:06:49] [Server thread/INFO] (Minecraft) [System] [CHAT] -3.6267483
[06:06:49] [Server thread/INFO] (Minecraft) [System] [CHAT] -3.8885477
[06:06:49] [Server thread/INFO] (Minecraft) [System] [CHAT] -4.150347
[06:06:49] [Server thread/INFO] (Minecraft) [System] [CHAT] -4.4121466
[06:06:49] [Server thread/INFO] (Minecraft) [System] [CHAT] -4.673946
[06:06:49] [Server thread/INFO] (Minecraft) [System] [CHAT] -4.9357452
[06:06:49] [Server thread/INFO] (Minecraft) [System] [CHAT] -5.1975446
[06:06:49] [Server thread/INFO] (Minecraft) [System] [CHAT] -5.459344
[06:06:49] [Server thread/INFO] (Minecraft) [System] [CHAT] -5.7211432
[06:06:49] [Server thread/INFO] (Minecraft) [System] [CHAT] -5.9829426
[06:06:50] [Server thread/INFO] (Minecraft) [System] [CHAT] -6.244742
[06:06:50] [Server thread/INFO] (Minecraft) [System] [CHAT] -1.0355482
[06:06:50] [Server thread/INFO] (Minecraft) [System] [CHAT] -0.7737488
[06:06:50] [Server thread/INFO] (Minecraft) [System] [CHAT] -0.5119494
[06:06:50] [Server thread/INFO] (Minecraft) [System] [CHAT] -0.25015002
[06:06:50] [Server thread/INFO] (Minecraft) [System] [CHAT] 0.01164937
[06:06:50] [Server thread/INFO] (Minecraft) [System] [CHAT] 0.27344877
[06:06:50] [Server thread/INFO] (Minecraft) [System] [CHAT] 0.53524816
[06:06:50] [Server thread/INFO] (Minecraft) [System] [CHAT] 0.79704756
[06:06:50] [Server thread/INFO] (Minecraft) [System] [CHAT] 1.058847
[06:06:50] [Server thread/INFO] (Minecraft) [System] [CHAT] 1.3206463
[06:06:50] [Server thread/INFO] (Minecraft) [System] [CHAT] 1.5824456
[06:06:50] [Server thread/INFO] (Minecraft) [System] [CHAT] 1.844245
[06:06:50] [Server thread/INFO] (Minecraft) [System] [CHAT] 2.1060443
[06:06:50] [Server thread/INFO] (Minecraft) [System] [CHAT] 2.3678436
[06:06:50] [Server thread/INFO] (Minecraft) [System] [CHAT] 2.629643
[06:06:50] [Server thread/INFO] (Minecraft) [System] [CHAT] 2.8914423
[06:06:50] [Server thread/INFO] (Minecraft) [System] [CHAT] 3.1532416
[06:06:50] [Server thread/INFO] (Minecraft) [System] [CHAT] 3.415041
[06:06:50] [Server thread/INFO] (Minecraft) [System] [CHAT] 3.6768403
[06:06:51] [Server thread/INFO] (Minecraft) [System] [CHAT] 3.9386396
[06:06:51] [Server thread/INFO] (Minecraft) [System] [CHAT] 4.200439
[06:06:51] [Server thread/INFO] (Minecraft) [System] [CHAT] 4.4622383
[06:06:51] [Server thread/INFO] (Minecraft) [System] [CHAT] 4.7240376
[06:06:51] [Server thread/INFO] (Minecraft) [System] [CHAT] 4.985837
[06:06:51] [Server thread/INFO] (Minecraft) [System] [CHAT] 5.2476363
[06:06:51] [Server thread/INFO] (Minecraft) [System] [CHAT] 5.5094357
[06:06:51] [Server thread/INFO] (Minecraft) [System] [CHAT] 5.771235
[06:06:51] [Server thread/INFO] (Minecraft) [System] [CHAT] 6.0330343
[06:06:51] [Server thread/INFO] (Minecraft) [System] [CHAT] 1.001854
[06:06:51] [Server thread/INFO] (Minecraft) [System] [CHAT] 1.2636533
[06:06:51] [Server thread/INFO] (Minecraft) [System] [CHAT] 1.5254526
[06:06:51] [Server thread/INFO] (Minecraft) [System] [CHAT] 1.787252
[06:06:51] [Server thread/INFO] (Minecraft) [System] [CHAT] 2.0490513
[06:06:51] [Server thread/INFO] (Minecraft) [System] [CHAT] 2.3108506
[06:06:51] [Server thread/INFO] (Minecraft) [System] [CHAT] 2.57265
[06:06:51] [Server thread/INFO] (Minecraft) [System] [CHAT] 2.8344493
[06:06:51] [Server thread/INFO] (Minecraft) [System] [CHAT] 3.0962486
[06:06:51] [Server thread/INFO] (Minecraft) [System] [CHAT] 3.358048
[06:06:51] [Server thread/INFO] (Minecraft) [System] [CHAT] 3.6198473
[06:06:52] [Server thread/INFO] (Minecraft) [System] [CHAT] 3.8816466
[06:06:52] [Server thread/INFO] (Minecraft) [System] [CHAT] 4.143446
[06:06:52] [Server thread/INFO] (Minecraft) [System] [CHAT] 4.4052453
[06:06:52] [Server thread/INFO] (Minecraft) [System] [CHAT] 4.6670446
[06:06:52] [Server thread/INFO] (Minecraft) [System] [CHAT] 4.928844
[06:06:52] [Server thread/INFO] (Minecraft) [System] [CHAT] 5.1906433
[06:06:52] [Server thread/INFO] (Minecraft) [System] [CHAT] 5.4524426
[06:06:52] [Server thread/INFO] (Minecraft) [System] [CHAT] 5.714242
[06:06:52] [Server thread/INFO] (Minecraft) [System] [CHAT] 5.9760413
[06:06:52] [Server thread/INFO] (Minecraft) [System] [CHAT] 6.2378407
[06:06:52] [Server thread/INFO] (Minecraft) [System] [CHAT] 1.0344498
[06:06:52] [Server thread/INFO] (Minecraft) [System] [CHAT] 1.2962492
[06:06:52] [Server thread/INFO] (Minecraft) [System] [CHAT] 1.5580485
[06:06:52] [Server thread/INFO] (Minecraft) [System] [CHAT] 1.8198478
[06:06:52] [Server thread/INFO] (Minecraft) [System] [CHAT] 2.0816472
[06:06:52] [Server thread/INFO] (Minecraft) [System] [CHAT] 2.3434465
[06:06:52] [Server thread/INFO] (Minecraft) [System] [CHAT] 2.6052458
[06:06:52] [Server thread/INFO] (Minecraft) [System] [CHAT] 2.8670452
[06:06:52] [Server thread/INFO] (Minecraft) [System] [CHAT] 3.1288445
[06:06:52] [Server thread/INFO] (Minecraft) [System] [CHAT] 3.3906438
[06:06:53] [Server thread/INFO] (Minecraft) [System] [CHAT] 3.6524432
[06:06:53] [Server thread/INFO] (Minecraft) [System] [CHAT] 3.9142425
[06:06:53] [Server thread/INFO] (Minecraft) [System] [CHAT] 4.176042
[06:06:53] [Server thread/INFO] (Minecraft) [System] [CHAT] 4.4378414
[06:06:53] [Server thread/INFO] (Minecraft) [System] [CHAT] 4.6996408
[06:06:53] [Server thread/INFO] (Minecraft) [System] [CHAT] 4.96144
[06:06:53] [Server thread/INFO] (Minecraft) [System] [CHAT] 5.2232394
[06:06:53] [Server thread/INFO] (Minecraft) [System] [CHAT] 5.4850388
[06:06:53] [Server thread/INFO] (Minecraft) [System] [CHAT] 5.746838
[06:06:53] [Server thread/INFO] (Minecraft) [System] [CHAT] 6.0086374
[06:06:53] [Server thread/INFO] (Minecraft) [System] [CHAT] 6.270437
[06:06:53] [Server thread/INFO] (Minecraft) [System] [CHAT] 1.0396377
[06:06:53] [Server thread/INFO] (Minecraft) [System] [CHAT] 1.3014371
[06:06:53] [Server thread/INFO] (Minecraft) [System] [CHAT] 1.5632365
[06:06:53] [Server thread/INFO] (Minecraft) [System] [CHAT] 1.8250358
[06:06:53] [Server thread/INFO] (Minecraft) [System] [CHAT] 2.0868351
[06:06:53] [Server thread/INFO] (Minecraft) [System] [CHAT] 2.3486345
[06:06:53] [Server thread/INFO] (Minecraft) [System] [CHAT] 2.6104338
[06:06:53] [Server thread/INFO] (Minecraft) [System] [CHAT] 2.8722332
[06:06:53] [Server thread/INFO] (Minecraft) [System] [CHAT] 3.1340325
[06:06:54] [Server thread/INFO] (Minecraft) [System] [CHAT] 3.3958318
[06:06:54] [Server thread/INFO] (Minecraft) [System] [CHAT] 3.6576312
[06:06:54] [Server thread/INFO] (Minecraft) [System] [CHAT] 3.9194305
[06:06:54] [Server thread/INFO] (Minecraft) [System] [CHAT] 4.18123
[06:06:54] [Server thread/INFO] (Minecraft) [System] [CHAT] 4.4430294
[06:06:54] [Server thread/INFO] (Minecraft) [System] [CHAT] 4.7048287
[06:06:54] [Server thread/INFO] (Minecraft) [System] [CHAT] 4.966628
[06:06:54] [Server thread/INFO] (Minecraft) [System] [CHAT] 5.2284274
[06:06:54] [Server thread/INFO] (Minecraft) [System] [CHAT] 5.4902267
[06:06:54] [Server thread/INFO] (Minecraft) [System] [CHAT] 5.752026
[06:06:54] [Server thread/INFO] (Minecraft) [System] [CHAT] 6.0138254
[06:06:54] [Server thread/INFO] (Minecraft) [System] [CHAT] 6.2756248
[06:06:54] [Server thread/INFO] (Minecraft) [System] [CHAT] 1.0404633
[06:06:54] [Server thread/INFO] (Minecraft) [System] [CHAT] 1.3022628
[06:06:54] [Server thread/INFO] (Minecraft) [System] [CHAT] 1.5640621
[06:06:54] [Server thread/INFO] (Minecraft) [System] [CHAT] 1.8258615
[06:06:54] [Server thread/INFO] (Minecraft) [System] [CHAT] 2.0876608
[06:06:54] [Server thread/INFO] (Minecraft) [System] [CHAT] 2.3494601
[06:06:54] [Server thread/INFO] (Minecraft) [System] [CHAT] 2.6112595
[06:06:54] [Server thread/INFO] (Minecraft) [System] [CHAT] 2.8730588
[06:06:55] [Server thread/INFO] (Minecraft) [System] [CHAT] 3.1348581
[06:06:55] [Server thread/INFO] (Minecraft) [System] [CHAT] 3.3966575
[06:06:55] [Server thread/INFO] (Minecraft) [System] [CHAT] 3.6584568
[06:06:55] [Server thread/INFO] (Minecraft) [System] [CHAT] 3.9202561
[06:06:55] [Server thread/INFO] (Minecraft) [System] [CHAT] 4.1820555
[06:06:55] [Server thread/INFO] (Minecraft) [System] [CHAT] 4.443855
[06:06:55] [Server thread/INFO] (Minecraft) [System] [CHAT] 4.705654
[06:06:55] [Server thread/INFO] (Minecraft) [System] [CHAT] 4.9674535
[06:06:55] [Server thread/INFO] (Minecraft) [System] [CHAT] 5.229253
[06:06:55] [Server thread/INFO] (Minecraft) [System] [CHAT] 5.491052
[06:06:55] [Server thread/INFO] (Minecraft) [System] [CHAT] 5.7528515
[06:06:55] [Server thread/INFO] (Minecraft) [System] [CHAT] 6.014651
[06:06:55] [Server thread/INFO] (Minecraft) [System] [CHAT] 6.27645
[06:06:55] [Server thread/INFO] (Minecraft) [System] [CHAT] 1.0405947
[06:06:55] [Server thread/INFO] (Minecraft) [System] [CHAT] 1.3023942
[06:06:55] [Server thread/INFO] (Minecraft) [System] [CHAT] 1.5641935
[06:06:55] [Server thread/INFO] (Minecraft) [System] [CHAT] 1.8259928
[06:06:55] [Server thread/INFO] (Minecraft) [System] [CHAT] 2.0877922
[06:06:55] [Server thread/INFO] (Minecraft) [System] [CHAT] 2.3495915
[06:06:55] [Server thread/INFO] (Minecraft) [System] [CHAT] 2.6113908
[06:06:56] [Server thread/INFO] (Minecraft) [System] [CHAT] 2.8731902
[06:06:56] [Server thread/INFO] (Minecraft) [System] [CHAT] 3.1349895
[06:06:56] [Server thread/INFO] (Minecraft) [System] [CHAT] 3.3967888
[06:06:56] [Server thread/INFO] (Minecraft) [System] [CHAT] 3.6585882
[06:06:56] [Server thread/INFO] (Minecraft) [System] [CHAT] 3.9203875
[06:06:56] [Server thread/INFO] (Minecraft) [System] [CHAT] 4.182187
[06:06:56] [Server thread/INFO] (Minecraft) [System] [CHAT] 4.4439864
[06:06:56] [Server thread/INFO] (Minecraft) [System] [CHAT] 4.7057858
[06:06:56] [Server thread/INFO] (Minecraft) [System] [CHAT] 4.967585
[06:06:56] [Server thread/INFO] (Minecraft) [System] [CHAT] 5.2293844
[06:06:56] [Server thread/INFO] (Minecraft) [System] [CHAT] 5.4911838
[06:06:56] [Server thread/INFO] (Minecraft) [System] [CHAT] 5.752983
[06:06:56] [Server thread/INFO] (Minecraft) [System] [CHAT] 6.0147824
[06:06:56] [Server thread/INFO] (Minecraft) [System] [CHAT] 6.276582
[06:06:56] [Server thread/INFO] (Minecraft) [System] [CHAT] 1.0406157
[06:06:56] [Server thread/INFO] (Minecraft) [System] [CHAT] 1.3024151
[06:06:56] [Server thread/INFO] (Minecraft) [System] [CHAT] 1.5642145
[06:06:56] [Server thread/INFO] (Minecraft) [System] [CHAT] 1.8260138
[06:06:56] [Server thread/INFO] (Minecraft) [System] [CHAT] 2.0878131
[06:06:56] [Server thread/INFO] (Minecraft) [System] [CHAT] 2.3496125
[06:06:57] [Server thread/INFO] (Minecraft) [System] [CHAT] 2.6114118
[06:06:57] [Server thread/INFO] (Minecraft) [System] [CHAT] 2.8732111
[06:06:57] [Server thread/INFO] (Minecraft) [System] [CHAT] 3.1350105
[06:06:57] [Server thread/INFO] (Minecraft) [System] [CHAT] 3.3968098
[06:06:57] [Server thread/INFO] (Minecraft) [System] [CHAT] 3.6586092
[06:06:57] [Server thread/INFO] (Minecraft) [System] [CHAT] 3.9204085
[06:06:58] [Netty Server IO #1/INFO] (Minecraft) [System] [CHAT] X:18.582234352942315, Y:-56.75658678391818, Z:47.67809957845503, Yaw:-127.49037170410156, Pitch:18.00010871887207
[06:06:58] [Server thread/INFO] (Minecraft) [System] [CHAT] -2.2239988
[06:06:58] [Render thread/INFO] (Minecraft) [System] [CHAT] message.lypheamod.drank_water
[06:06:58] [Render thread/INFO] (Minecraft) [System] [CHAT] manaDrain
[06:06:58] [Render thread/INFO] (Minecraft) [System] [CHAT] false
[06:06:58] [Render thread/INFO] (Minecraft) [System] [CHAT] 4.0
[06:06:58] [Server thread/INFO] (Minecraft) [System] [CHAT] -1.9621994
[06:06:58] [Server thread/INFO] (Minecraft) [System] [CHAT] -1.7004001
[06:06:59] [Server thread/INFO] (Minecraft) [System] [CHAT] -1.4386008
[06:06:59] [Server thread/INFO] (Minecraft) [System] [CHAT] -1.1768014
[06:06:59] [Server thread/INFO] (Minecraft) [System] [CHAT] -1.4386008
[06:06:59] [Server thread/INFO] (Minecraft) [System] [CHAT] -1.7004001
[06:06:59] [Server thread/INFO] (Minecraft) [System] [CHAT] -1.9621994
[06:06:59] [Server thread/INFO] (Minecraft) [System] [CHAT] -2.2239988
[06:06:59] [Server thread/INFO] (Minecraft) [System] [CHAT] -2.4857981
[06:06:59] [Server thread/INFO] (Minecraft) [System] [CHAT] -2.7475975
[06:06:59] [Server thread/INFO] (Minecraft) [System] [CHAT] -3.0093968
[06:06:59] [Server thread/INFO] (Minecraft) [System] [CHAT] -3.2711961
[06:06:59] [Server thread/INFO] (Minecraft) [System] [CHAT] -3.5329955
[06:06:59] [Server thread/INFO] (Minecraft) [System] [CHAT] -3.7947948
[06:06:59] [Server thread/INFO] (Minecraft) [System] [CHAT] -4.0565944
[06:06:59] [Server thread/INFO] (Minecraft) [System] [CHAT] -4.3183937
[06:06:59] [Server thread/INFO] (Minecraft) [System] [CHAT] -4.580193
[06:06:59] [Server thread/INFO] (Minecraft) [System] [CHAT] -4.8419924
[06:06:59] [Server thread/INFO] (Minecraft) [System] [CHAT] -5.1037917
[06:06:59] [Server thread/INFO] (Minecraft) [System] [CHAT] -5.365591
[06:06:59] [Server thread/INFO] (Minecraft) [System] [CHAT] -5.6273904
[06:06:59] [Server thread/INFO] (Minecraft) [System] [CHAT] -5.8891897
[06:07:00] [Server thread/INFO] (Minecraft) [System] [CHAT] -6.150989
[06:07:00] [Server thread/INFO] (Minecraft) [System] [CHAT] -1.020627
[06:07:00] [Server thread/INFO] (Minecraft) [System] [CHAT] -0.7588276
[06:07:00] [Server thread/INFO] (Minecraft) [System] [CHAT] -0.49702823
[06:07:00] [Server thread/INFO] (Minecraft) [System] [CHAT] -0.23522884
[06:07:00] [Server thread/INFO] (Minecraft) [System] [CHAT] 0.026570559
[06:07:00] [Server thread/INFO] (Minecraft) [System] [CHAT] 0.28836995
[06:07:00] [Server thread/INFO] (Minecraft) [System] [CHAT] 0.55016935
[06:07:00] [Server thread/INFO] (Minecraft) [System] [CHAT] 0.81196874
[06:07:00] [Server thread/INFO] (Minecraft) [System] [CHAT] 1.0737681
[06:07:00] [Server thread/INFO] (Minecraft) [System] [CHAT] 1.3355675
[06:07:00] [Server thread/INFO] (Minecraft) [System] [CHAT] 1.5973668
[06:07:00] [Server thread/INFO] (Minecraft) [System] [CHAT] 1.8591661
[06:07:00] [Server thread/INFO] (Minecraft) [System] [CHAT] 2.1209655
[06:07:00] [Server thread/INFO] (Minecraft) [System] [CHAT] 2.3827648
[06:07:00] [Server thread/INFO] (Minecraft) [System] [CHAT] 2.6445642
[06:07:00] [Server thread/INFO] (Minecraft) [System] [CHAT] 2.9063635
[06:07:00] [Server thread/INFO] (Minecraft) [System] [CHAT] 3.1681628
[06:07:00] [Server thread/INFO] (Minecraft) [System] [CHAT] 3.4299622
[06:07:00] [Server thread/INFO] (Minecraft) [System] [CHAT] 3.6917615
[06:07:01] [Server thread/INFO] (Minecraft) [System] [CHAT] 3.9535608
[06:07:01] [Server thread/INFO] (Minecraft) [System] [CHAT] 4.21536
[06:07:01] [Server thread/INFO] (Minecraft) [System] [CHAT] 4.4771595
[06:07:01] [Server thread/INFO] (Minecraft) [System] [CHAT] 4.738959
[06:07:01] [Server thread/INFO] (Minecraft) [System] [CHAT] 5.000758
[06:07:01] [Server thread/INFO] (Minecraft) [System] [CHAT] 5.2625575
[06:07:01] [Server thread/INFO] (Minecraft) [System] [CHAT] 5.524357
[06:07:01] [Server thread/INFO] (Minecraft) [System] [CHAT] 5.786156
[06:07:01] [Server thread/INFO] (Minecraft) [System] [CHAT] 6.0479555
[06:07:01] [Server thread/INFO] (Minecraft) [System] [CHAT] 1.0042287
[06:07:01] [Server thread/INFO] (Minecraft) [System] [CHAT] 1.2660282
[06:07:01] [Server thread/INFO] (Minecraft) [System] [CHAT] 1.5278275
[06:07:01] [Server thread/INFO] (Minecraft) [System] [CHAT] 1.7896268
[06:07:01] [Server thread/INFO] (Minecraft) [System] [CHAT] 2.0514262
[06:07:01] [Server thread/INFO] (Minecraft) [System] [CHAT] 2.3132255
[06:07:01] [Server thread/INFO] (Minecraft) [System] [CHAT] 2.5750248
[06:07:01] [Server thread/INFO] (Minecraft) [System] [CHAT] 2.8368242
[06:07:01] [Server thread/INFO] (Minecraft) [System] [CHAT] 3.0986235
[06:07:01] [Server thread/INFO] (Minecraft) [System] [CHAT] 3.3604228
[06:07:01] [Server thread/INFO] (Minecraft) [System] [CHAT] 3.6222222
[06:07:02] [Server thread/INFO] (Minecraft) [System] [CHAT] 3.8840215
[06:07:02] [Server thread/INFO] (Minecraft) [System] [CHAT] 4.145821
[06:07:02] [Server thread/INFO] (Minecraft) [System] [CHAT] 4.4076204
[06:07:02] [Server thread/INFO] (Minecraft) [System] [CHAT] 4.66942
[06:07:02] [Server thread/INFO] (Minecraft) [System] [CHAT] 4.931219
[06:07:02] [Server thread/INFO] (Minecraft) [System] [CHAT] 5.1930184
[06:07:02] [Server thread/INFO] (Minecraft) [System] [CHAT] 5.454818
[06:07:04] [Netty Server IO #1/INFO] (Minecraft) [System] [CHAT] X:22.69369480971312, Y:-60.0, Z:46.372777502229034, Yaw:-146.69329833984375, Pitch:2.1001319885253906
[06:07:04] [Render thread/INFO] (Minecraft) [System] [CHAT] message.lypheamod.drank_water
[06:07:04] [Render thread/INFO] (Minecraft) [System] [CHAT] manaDrain
[06:07:04] [Render thread/INFO] (Minecraft) [System] [CHAT] false
[06:07:04] [Render thread/INFO] (Minecraft) [System] [CHAT] 2.0
[06:07:04] [Server thread/INFO] (Minecraft) [System] [CHAT] -2.558983
[06:07:04] [Server thread/INFO] (Minecraft) [System] [CHAT] -2.2971838
[06:07:04] [Server thread/INFO] (Minecraft) [System] [CHAT] -2.0353844
[06:07:04] [Server thread/INFO] (Minecraft) [System] [CHAT] -2.2971838
[06:07:04] [Server thread/INFO] (Minecraft) [System] [CHAT] -2.558983
[06:07:04] [Server thread/INFO] (Minecraft) [System] [CHAT] -2.8207824
[06:07:04] [Server thread/INFO] (Minecraft) [System] [CHAT] -3.0825818
[06:07:04] [Server thread/INFO] (Minecraft) [System] [CHAT] -3.344381
[06:07:05] [Server thread/INFO] (Minecraft) [System] [CHAT] -3.6061804
[06:07:05] [Server thread/INFO] (Minecraft) [System] [CHAT] -3.8679798
[06:07:05] [Server thread/INFO] (Minecraft) [System] [CHAT] -4.1297793
[06:07:05] [Server thread/INFO] (Minecraft) [System] [CHAT] -4.3915787
[06:07:05] [Server thread/INFO] (Minecraft) [System] [CHAT] -4.653378
[06:07:05] [Server thread/INFO] (Minecraft) [System] [CHAT] -4.9151773
[06:07:05] [Server thread/INFO] (Minecraft) [System] [CHAT] -5.1769767
[06:07:05] [Server thread/INFO] (Minecraft) [System] [CHAT] -5.438776
[06:07:05] [Server thread/INFO] (Minecraft) [System] [CHAT] -5.7005754
[06:07:05] [Server thread/INFO] (Minecraft) [System] [CHAT] -5.9623747
[06:07:05] [Server thread/INFO] (Minecraft) [System] [CHAT] -6.224174
[06:07:05] [Server thread/INFO] (Minecraft) [System] [CHAT] -1.0322747
[06:07:05] [Server thread/INFO] (Minecraft) [System] [CHAT] -0.7704753
[06:07:05] [Server thread/INFO] (Minecraft) [System] [CHAT] -0.50867593
[06:07:05] [Server thread/INFO] (Minecraft) [System] [CHAT] -0.24687654
[06:07:05] [Server thread/INFO] (Minecraft) [System] [CHAT] 0.014922857
[06:07:05] [Server thread/INFO] (Minecraft) [System] [CHAT] 0.27672225
[06:07:05] [Server thread/INFO] (Minecraft) [System] [CHAT] 0.53852165
[06:07:05] [Server thread/INFO] (Minecraft) [System] [CHAT] 0.80032104
[06:07:05] [Server thread/INFO] (Minecraft) [System] [CHAT] 1.0621204
[06:07:06] [Server thread/INFO] (Minecraft) [System] [CHAT] 1.3239198
[06:07:06] [Server thread/INFO] (Minecraft) [System] [CHAT] 1.5857191
[06:07:06] [Server thread/INFO] (Minecraft) [System] [CHAT] 1.8475184
[06:07:06] [Server thread/INFO] (Minecraft) [System] [CHAT] 2.1093178
[06:07:06] [Server thread/INFO] (Minecraft) [System] [CHAT] 2.371117
[06:07:06] [Server thread/INFO] (Minecraft) [System] [CHAT] 2.6329165
[06:07:06] [Server thread/INFO] (Minecraft) [System] [CHAT] 2.8947158
[06:07:06] [Server thread/INFO] (Minecraft) [System] [CHAT] 3.1565151
[06:07:06] [Server thread/INFO] (Minecraft) [System] [CHAT] 3.4183145
[06:07:06] [Server thread/INFO] (Minecraft) [System] [CHAT] 3.6801138
[06:07:06] [Server thread/INFO] (Minecraft) [System] [CHAT] 3.9419131
[06:07:06] [Server thread/INFO] (Minecraft) [System] [CHAT] 4.2037125
[06:07:06] [Server thread/INFO] (Minecraft) [System] [CHAT] 4.465512
[06:07:06] [Server thread/INFO] (Minecraft) [System] [CHAT] 4.727311
[06:07:06] [Server thread/INFO] (Minecraft) [System] [CHAT] 4.9891105
[06:07:06] [Server thread/INFO] (Minecraft) [System] [CHAT] 5.25091
[06:07:06] [Server thread/INFO] (Minecraft) [System] [CHAT] 5.512709
[06:07:06] [Server thread/INFO] (Minecraft) [System] [CHAT] 5.7745085
[06:07:06] [Server thread/INFO] (Minecraft) [System] [CHAT] 6.036308
[06:07:06] [Server thread/INFO] (Minecraft) [System] [CHAT] 1.0023749
[06:07:07] [Server thread/INFO] (Minecraft) [System] [CHAT] 1.2641742
[06:07:07] [Server thread/INFO] (Minecraft) [System] [CHAT] 1.5259736
[06:07:07] [Server thread/INFO] (Minecraft) [System] [CHAT] 1.7877729
[06:07:07] [Server thread/INFO] (Minecraft) [System] [CHAT] 2.0495722
[06:07:07] [Server thread/INFO] (Minecraft) [System] [CHAT] 2.3113716
[06:07:07] [Server thread/INFO] (Minecraft) [System] [CHAT] 2.573171
[06:07:07] [Server thread/INFO] (Minecraft) [System] [CHAT] 2.8349702
[06:07:07] [Server thread/INFO] (Minecraft) [System] [CHAT] 3.0967696
[06:07:07] [Server thread/INFO] (Minecraft) [System] [CHAT] 3.358569
[06:07:07] [Server thread/INFO] (Minecraft) [System] [CHAT] 3.6203682
[06:07:07] [Server thread/INFO] (Minecraft) [System] [CHAT] 3.8821676
[06:07:07] [Server thread/INFO] (Minecraft) [System] [CHAT] 4.143967
[06:07:07] [Server thread/INFO] (Minecraft) [System] [CHAT] 4.4057665
[06:07:07] [Server thread/INFO] (Minecraft) [System] [CHAT] 4.667566
[06:07:07] [Server thread/INFO] (Minecraft) [System] [CHAT] 4.929365
[06:07:07] [Server thread/INFO] (Minecraft) [System] [CHAT] 5.1911645
[06:07:07] [Server thread/INFO] (Minecraft) [System] [CHAT] 5.452964
[06:07:07] [Server thread/INFO] (Minecraft) [System] [CHAT] 5.714763
[06:07:07] [Server thread/INFO] (Minecraft) [System] [CHAT] 5.9765625
[06:07:07] [Server thread/INFO] (Minecraft) [System] [CHAT] 6.238362
[06:07:08] [Server thread/INFO] (Minecraft) [System] [CHAT] 1.0345328
[06:07:08] [Server thread/INFO] (Minecraft) [System] [CHAT] 1.2963321
[06:07:08] [Server thread/INFO] (Minecraft) [System] [CHAT] 1.5581315
[06:07:08] [Server thread/INFO] (Minecraft) [System] [CHAT] 1.8199308
[06:07:08] [Server thread/INFO] (Minecraft) [System] [CHAT] 2.0817301
[06:07:08] [Server thread/INFO] (Minecraft) [System] [CHAT] 2.3435295
[06:07:08] [Server thread/INFO] (Minecraft) [System] [CHAT] 2.6053288
[06:07:08] [Server thread/INFO] (Minecraft) [System] [CHAT] 2.8671281
[06:07:08] [Server thread/INFO] (Minecraft) [System] [CHAT] 3.1289275
[06:07:08] [Server thread/INFO] (Minecraft) [System] [CHAT] 3.3907268
[06:07:08] [Server thread/INFO] (Minecraft) [System] [CHAT] 3.6525261
[06:07:08] [Server thread/INFO] (Minecraft) [System] [CHAT] 3.9143255
[06:07:08] [Server thread/INFO] (Minecraft) [System] [CHAT] 4.176125
[06:07:08] [Server thread/INFO] (Minecraft) [System] [CHAT] 4.4379244
[06:07:08] [Server thread/INFO] (Minecraft) [System] [CHAT] 4.6997237
[06:07:08] [Server thread/INFO] (Minecraft) [System] [CHAT] 4.961523
[06:07:08] [Server thread/INFO] (Minecraft) [System] [CHAT] 5.2233224
[06:07:08] [Server thread/INFO] (Minecraft) [System] [CHAT] 5.4851217
[06:07:08] [Server thread/INFO] (Minecraft) [System] [CHAT] 5.746921
[06:07:08] [Server thread/INFO] (Minecraft) [System] [CHAT] 6.0087204
[06:07:09] [Server thread/INFO] (Minecraft) [System] [CHAT] 6.2705197
[06:07:09] [Server thread/INFO] (Minecraft) [System] [CHAT] 1.0396509
[06:07:09] [Server thread/INFO] (Minecraft) [System] [CHAT] 1.3014503
[06:07:09] [Server thread/INFO] (Minecraft) [System] [CHAT] 1.5632496
[06:07:09] [Server thread/INFO] (Minecraft) [System] [CHAT] 1.8250489
[06:07:09] [Server thread/INFO] (Minecraft) [System] [CHAT] 2.0868483
[06:07:09] [Server thread/INFO] (Minecraft) [System] [CHAT] 2.3486476
[06:07:09] [Server thread/INFO] (Minecraft) [System] [CHAT] 2.610447
[06:07:09] [Server thread/INFO] (Minecraft) [System] [CHAT] 2.8722463
[06:07:09] [Server thread/INFO] (Minecraft) [System] [CHAT] 3.1340456
[06:07:09] [Server thread/INFO] (Minecraft) [System] [CHAT] 3.395845
[06:07:09] [Server thread/INFO] (Minecraft) [System] [CHAT] 3.6576443
[06:07:09] [Server thread/INFO] (Minecraft) [System] [CHAT] 3.9194436
[06:07:09] [Server thread/INFO] (Minecraft) [System] [CHAT] 4.181243
[06:07:09] [Server thread/INFO] (Minecraft) [System] [CHAT] 4.4430423
[06:07:09] [Server thread/INFO] (Minecraft) [System] [CHAT] 4.7048416
[06:07:09] [Server thread/INFO] (Minecraft) [System] [CHAT] 4.966641
[06:07:09] [Server thread/INFO] (Minecraft) [System] [CHAT] 5.2284403
[06:07:09] [Server thread/INFO] (Minecraft) [System] [CHAT] 5.4902396
[06:07:09] [Server thread/INFO] (Minecraft) [System] [CHAT] 5.752039
[06:07:10] [Server thread/INFO] (Minecraft) [System] [CHAT] 6.0138383
[06:07:10] [Server thread/INFO] (Minecraft) [System] [CHAT] 6.2756376
[06:07:10] [Server thread/INFO] (Minecraft) [System] [CHAT] 1.0404654
[06:07:10] [Server thread/INFO] (Minecraft) [System] [CHAT] 1.3022647
[06:07:10] [Server thread/INFO] (Minecraft) [System] [CHAT] 1.564064
[06:07:10] [Server thread/INFO] (Minecraft) [System] [CHAT] 1.8258634
[06:07:10] [Server thread/INFO] (Minecraft) [System] [CHAT] 2.0876627
[06:07:10] [Server thread/INFO] (Minecraft) [System] [CHAT] 2.349462
[06:07:10] [Server thread/INFO] (Minecraft) [System] [CHAT] 2.6112614
[06:07:10] [Server thread/INFO] (Minecraft) [System] [CHAT] 2.8730607
[06:07:10] [Server thread/INFO] (Minecraft) [System] [CHAT] 3.13486
[06:07:10] [Server thread/INFO] (Minecraft) [System] [CHAT] 3.3966594
